2020-04-14 16:48:02,622 [1] INFO EssensysHospitalWPF.App -         =============  Started Logging  =============        
2020-04-14 17:03:23,114 [1] INFO EssensysHospitalWPF.App -         =============  Started Logging  =============        
2020-04-14 17:05:48,750 [1] INFO EssensysHospitalWPF.App -         =============  Started Logging  =============        
2020-04-14 17:06:57,831 [1] INFO EssensysHospitalWPF.App -         =============  Started Logging  =============        
2020-04-14 17:08:49,114 [1] INFO EssensysHospitalWPF.App -         =============  Started Logging  =============        
2020-04-14 17:09:04,068 [1] INFO EssensysHospitalWPF.App -         =============  Started Logging  =============        
2020-04-14 17:09:22,729 [1] INFO EssensysHospitalWPF.App -         =============  Started Logging  =============        
2020-04-14 17:09:33,477 [1] INFO EssensysHospitalWPF.App -         =============  Started Logging  =============        
2020-04-14 17:27:04,990 [1] INFO EssensysHospitalWPF.App -         =============  Started Logging  =============        
2020-04-14 17:27:57,726 [1] INFO EssensysHospitalWPF.App -         =============  Started Logging  =============        
2020-04-14 17:30:38,094 [1] INFO EssensysHospitalWPF.App -         =============  Started Logging  =============        
2020-04-14 17:31:20,252 [1] INFO EssensysHospitalWPF.App -         =============  Started Logging  =============        
2020-04-14 17:31:26,202 [1] INFO EssensysHospitalWPF.App -         =============  Started Logging  =============        
2020-04-14 17:31:43,964 [1] INFO EssensysHospitalWPF.App -         =============  Started Logging  =============        
2020-04-14 17:32:19,178 [1] INFO EssensysHospitalWPF.App -         =============  Started Logging  =============        
2020-04-14 17:33:36,017 [1] INFO EssensysHospitalWPF.App -         =============  Started Logging  =============        
2020-04-14 17:34:02,812 [1] INFO EssensysHospitalWPF.App -         =============  Started Logging  =============        
2020-04-14 17:41:48,154 [1] INFO EssensysHospitalWPF.App -         =============  Started Logging  =============        
2020-04-14 17:42:29,810 [1] INFO EssensysHospitalWPF.App -         =============  Started Logging  =============        
2020-04-14 17:42:56,270 [1] INFO EssensysHospitalWPF.App -         =============  Started Logging  =============        
2020-04-14 17:44:37,798 [1] INFO EssensysHospitalWPF.App -         =============  Started Logging  =============        
2020-04-14 17:45:48,675 [1] INFO EssensysHospitalWPF.App -         =============  Started Logging  =============        
2020-04-14 17:53:40,587 [1] INFO EssensysHospitalWPF.App -         =============  Started Logging  =============        
2020-04-14 17:59:17,350 [1] INFO EssensysHospitalWPF.App -         =============  Started Logging  =============        
2020-04-14 17:59:49,350 [1] INFO EssensysHospitalWPF.App -         =============  Started Logging  =============        
2020-04-14 18:00:50,644 [1] INFO EssensysHospitalWPF.App -         =============  Started Logging  =============        
2020-04-14 18:01:20,407 [1] INFO EssensysHospitalWPF.App -         =============  Started Logging  =============        
2020-04-14 18:06:34,414 [1] INFO EssensysHospitalWPF.App -         =============  Started Logging  =============        
2020-04-14 18:08:31,881 [1] INFO EssensysHospitalWPF.App -         =============  Started Logging  =============        
2020-04-14 18:08:52,221 [1] INFO EssensysHospitalWPF.App -         =============  Started Logging  =============        
2020-04-14 18:11:31,409 [1] INFO EssensysHospitalWPF.App -         =============  Started Logging  =============        
2020-04-14 18:11:53,493 [1] INFO EssensysHospitalWPF.App -         =============  Started Logging  =============        
2020-04-14 18:12:12,940 [1] INFO EssensysHospitalWPF.App -         =============  Started Logging  =============        
2020-04-14 18:13:04,918 [1] INFO EssensysHospitalWPF.App -         =============  Started Logging  =============        
2020-04-14 18:23:36,040 [1] INFO EssensysHospitalWPF.App -         =============  Started Logging  =============        
2020-04-14 18:30:35,264 [1] INFO EssensysHospitalWPF.App -         =============  Started Logging  =============        
2020-04-14 18:31:11,946 [1] INFO EssensysHospitalWPF.App -         =============  Started Logging  =============        
2020-04-14 18:31:55,036 [1] INFO EssensysHospitalWPF.App -         =============  Started Logging  =============        
2020-04-14 18:35:35,706 [1] INFO EssensysHospitalWPF.App -         =============  Started Logging  =============        
2020-04-14 18:48:30,408 [1] INFO EssensysHospitalWPF.App -         =============  Started Logging  =============        
2020-04-14 18:50:18,869 [1] INFO EssensysHospitalWPF.App -         =============  Started Logging  =============        
2020-04-14 18:51:56,318 [1] INFO EssensysHospitalWPF.App -         =============  Started Logging  =============        
2020-04-14 18:52:20,825 [1] INFO EssensysHospitalWPF.App -         =============  Started Logging  =============        
2020-04-14 19:02:13,440 [1] INFO EssensysHospitalWPF.App -         =============  Started Logging  =============        
2020-04-14 19:03:30,633 [1] INFO EssensysHospitalWPF.App -         =============  Started Logging  =============        
2020-04-14 19:05:12,285 [1] INFO EssensysHospitalWPF.App -         =============  Started Logging  =============        
2020-04-14 19:11:47,201 [1] INFO EssensysHospitalWPF.App -         =============  Started Logging  =============        
2020-04-14 19:23:20,248 [1] INFO EssensysHospitalWPF.App -         =============  Started Logging  =============        
2020-04-14 19:28:21,294 [1] INFO EssensysHospitalWPF.App -         =============  Started Logging  =============        
2020-04-14 19:28:43,575 [1] INFO EssensysHospitalWPF.App -         =============  Started Logging  =============        
2020-04-14 19:28:57,517 [1] INFO EssensysHospitalWPF.App -         =============  Started Logging  =============        
2020-04-14 19:30:18,040 [1] INFO EssensysHospitalWPF.App -         =============  Started Logging  =============        
2020-04-14 19:32:33,799 [1] INFO EssensysHospitalWPF.App -         =============  Started Logging  =============        
2020-04-14 19:33:47,987 [1] INFO EssensysHospitalWPF.App -         =============  Started Logging  =============        
2020-04-14 19:37:55,327 [1] INFO EssensysHospitalWPF.App -         =============  Started Logging  =============        
2020-04-14 19:43:09,419 [1] INFO EssensysHospitalWPF.App -         =============  Started Logging  =============        
2020-04-14 19:43:19,592 [1] INFO EssensysHospitalWPF.App -         =============  Started Logging  =============        
2020-04-14 19:58:36,697 [1] INFO EssensysHospitalWPF.App -         =============  Started Logging  =============        
2020-04-14 19:58:59,596 [1] INFO EssensysHospitalWPF.App -         =============  Started Logging  =============        
2020-04-14 19:59:31,937 [1] INFO EssensysHospitalWPF.App -         =============  Started Logging  =============        
2020-04-14 20:02:57,870 [1] INFO EssensysHospitalWPF.App -         =============  Started Logging  =============        
2020-04-14 20:04:48,385 [1] INFO EssensysHospitalWPF.App -         =============  Started Logging  =============        
2020-04-14 20:31:50,505 [1] INFO EssensysHospitalWPF.App -         =============  Started Logging  =============        
2020-04-14 20:32:44,802 [1] INFO EssensysHospitalWPF.App -         =============  Started Logging  =============        
2020-04-14 20:35:49,388 [1] INFO EssensysHospitalWPF.App -         =============  Started Logging  =============        
2020-04-14 20:36:04,559 [9] INFO EssensysHospitalWPF.Model.Doctor - Doctorul Maria a terminat cu pacientul Vlad Lothbrok
2020-04-14 20:42:46,769 [1] INFO EssensysHospitalWPF.App -         =============  Started Logging  =============        
2020-04-14 20:47:57,875 [1] INFO EssensysHospitalWPF.App -         =============  Started Logging  =============        
2020-04-14 21:27:02,084 [1] INFO EssensysHospitalWPF.App -         =============  Started Logging  =============        
2020-04-14 21:27:05,574 [9] INFO EssensysHospitalWPF.Model.Doctor - Doctorul Maria a terminat cu pacientul Daniela Lothbrok
2020-04-14 21:28:04,985 [1] INFO EssensysHospitalWPF.App -         =============  Started Logging  =============        
2020-04-14 21:28:20,432 [9] INFO EssensysHospitalWPF.Model.Doctor - Doctorul Maria a terminat cu pacientul Ion Zaharia
2020-04-14 21:28:58,034 [9] INFO EssensysHospitalWPF.Model.Doctor - Doctorul Maria a terminat cu pacientul Ion Bezos
2020-04-14 21:43:24,206 [1] INFO EssensysHospitalWPF.App -         =============  Started Logging  =============        
2020-04-14 21:43:27,675 [9] INFO EssensysHospitalWPF.Model.Doctor - Doctorul Maria a terminat cu pacientul Marius Frusciante
2020-04-14 21:44:34,387 [1] INFO EssensysHospitalWPF.App -         =============  Started Logging  =============        
2020-04-14 21:45:07,681 [1] INFO EssensysHospitalWPF.App -         =============  Started Logging  =============        
2020-04-14 21:45:47,332 [1] INFO EssensysHospitalWPF.App -         =============  Started Logging  =============        
2020-04-14 21:46:02,788 [9] INFO EssensysHospitalWPF.Model.Doctor - Doctorul Maria a terminat cu pacientul Marius Frusciante
2020-04-14 21:46:47,363 [9] INFO EssensysHospitalWPF.Model.Doctor - Doctorul Maria a terminat cu pacientul Alex Toader
2020-04-14 21:47:02,364 [9] INFO EssensysHospitalWPF.Model.Doctor - Doctorul Maria a terminat cu pacientul Alex Calugarul
2020-04-14 21:50:59,090 [1] INFO EssensysHospitalWPF.App -         =============  Started Logging  =============        
2020-04-14 22:05:12,061 [1] INFO EssensysHospitalWPF.App -         =============  Started Logging  =============        
2020-04-14 22:07:41,132 [1] INFO EssensysHospitalWPF.App -         =============  Started Logging  =============        
2020-04-14 22:32:55,240 [1] INFO EssensysHospitalWPF.App -         =============  Started Logging  =============        
2020-04-14 22:33:35,178 [1] INFO EssensysHospitalWPF.App -         =============  Started Logging  =============        
2020-04-14 22:36:38,527 [1] INFO EssensysHospitalWPF.App -         =============  Started Logging  =============        
2020-04-14 22:38:15,034 [1] INFO EssensysHospitalWPF.App -         =============  Started Logging  =============        
2020-04-14 22:44:39,404 [1] INFO EssensysHospitalWPF.App -         =============  Started Logging  =============        
2020-04-14 22:46:04,684 [1] INFO EssensysHospitalWPF.App -         =============  Started Logging  =============        
2020-04-14 22:46:40,830 [1] INFO EssensysHospitalWPF.App -         =============  Started Logging  =============        
2020-04-14 22:48:53,524 [1] INFO EssensysHospitalWPF.App -         =============  Started Logging  =============        
2020-04-14 22:49:26,359 [1] INFO EssensysHospitalWPF.App -         =============  Started Logging  =============        
2020-04-14 22:49:41,775 [9] INFO EssensysHospitalWPF.Model.Doctor - Doctorul Maria a terminat cu pacientul Maria Toader
2020-04-14 22:50:36,871 [1] INFO EssensysHospitalWPF.App -         =============  Started Logging  =============        
2020-04-14 22:52:51,477 [1] INFO EssensysHospitalWPF.App -         =============  Started Logging  =============        
2020-04-14 23:03:28,662 [1] INFO EssensysHospitalWPF.App -         =============  Started Logging  =============        
2020-04-14 23:09:21,047 [1] INFO EssensysHospitalWPF.App -         =============  Started Logging  =============        
2020-04-14 23:09:30,846 [7] INFO EssensysHospitalWPF.Model.Doctor - Doctorul Maria a terminat cu pacientul Daniela Jose
2020-04-14 23:10:04,322 [1] INFO EssensysHospitalWPF.App -         =============  Started Logging  =============        
2020-04-14 23:10:33,821 [1] INFO EssensysHospitalWPF.App -         =============  Started Logging  =============        
